17/01/2023 4:35:17 am	This log contains information about the import schema operation into project 'AngularWebCrudDB' on computer 'SVPHLP00192' by user 'ervin.abiad'.
17/01/2023 4:35:17 am	Import of database schema has started.
17/01/2023 4:35:21 am	Gathering database credentials
17/01/2023 4:35:21 am	Gathering database options
17/01/2023 4:35:21 am	Gathering users
17/01/2023 4:35:21 am	Gathering roles
17/01/2023 4:35:21 am	Gathering application roles
17/01/2023 4:35:21 am	Gathering role memberships
17/01/2023 4:35:21 am	Gathering filegroups
17/01/2023 4:35:21 am	Gathering full-text catalogs
17/01/2023 4:35:21 am	Gathering assemblies
17/01/2023 4:35:21 am	Gathering certificates
17/01/2023 4:35:21 am	Gathering asymmetric keys
17/01/2023 4:35:21 am	Gathering symmetric keys
17/01/2023 4:35:21 am	Gathering encrypted symmetric keys
17/01/2023 4:35:21 am	Gathering schemas
17/01/2023 4:35:21 am	Gathering XML schema collections
17/01/2023 4:35:21 am	Gathering user-defined data types
17/01/2023 4:35:21 am	Gathering user-defined types
17/01/2023 4:35:21 am	Gathering table types
17/01/2023 4:35:21 am	Gathering unique keys for table types
17/01/2023 4:35:21 am	Gathering primary keys for table types
17/01/2023 4:35:21 am	Gathering indexes for table types
17/01/2023 4:35:21 am	Gathering check constraints for table types
17/01/2023 4:35:21 am	Gathering default constraints for table types
17/01/2023 4:35:21 am	Gathering partition functions
17/01/2023 4:35:21 am	Gathering partition schemes
17/01/2023 4:35:21 am	Gathering functions
17/01/2023 4:35:21 am	Gathering encrypted functions
17/01/2023 4:35:21 am	Gathering aggregates
17/01/2023 4:35:21 am	Gathering procedures
17/01/2023 4:35:21 am	Gathering encrypted procedures
17/01/2023 4:35:21 am	Gathering tables
17/01/2023 4:35:21 am	Gathering primary keys
17/01/2023 4:35:21 am	Gathering unique constraints
17/01/2023 4:35:21 am	Gathering foreign keys
17/01/2023 4:35:21 am	Gathering default constraints
17/01/2023 4:35:21 am	Gathering check constraints
17/01/2023 4:35:21 am	Gathering views
17/01/2023 4:35:21 am	Gathering encrypted views
17/01/2023 4:35:21 am	Gathering indexes
17/01/2023 4:35:21 am	Gathering statistics
17/01/2023 4:35:21 am	Gathering full-text index stoplists
17/01/2023 4:35:21 am	Gathering search property lists
17/01/2023 4:35:21 am	Gathering search properties
17/01/2023 4:35:21 am	Gathering full-text indexes
17/01/2023 4:35:21 am	Gathering column store indexes
17/01/2023 4:35:21 am	Gathering spatial indexes
17/01/2023 4:35:21 am	Gathering XML indexes
17/01/2023 4:35:21 am	Gathering Selective XML indexes
17/01/2023 4:35:21 am	Gathering encrypted triggers
17/01/2023 4:35:21 am	Gathering triggers
17/01/2023 4:35:21 am	Gathering encrypted and clr ddl triggers
17/01/2023 4:35:21 am	Gathering ddl triggers
17/01/2023 4:35:21 am	Gathering synonyms
17/01/2023 4:35:21 am	Gathering defaults
17/01/2023 4:35:21 am	Gathering data constraint uddt bindings
17/01/2023 4:35:21 am	Gathering rules
17/01/2023 4:35:21 am	Gathering data constraint uddt bindings
17/01/2023 4:35:21 am	Gathering message types
17/01/2023 4:35:21 am	Gathering queues
17/01/2023 4:35:21 am	Gathering contracts
17/01/2023 4:35:21 am	Gathering services
17/01/2023 4:35:21 am	Gathering event notifications
17/01/2023 4:35:21 am	Gathering remote service bindings
17/01/2023 4:35:21 am	Gathering broker priorities
17/01/2023 4:35:21 am	Gathering signatures
17/01/2023 4:35:21 am	Gathering data compression options
17/01/2023 4:35:21 am	Gathering sequence types
17/01/2023 4:35:21 am	Gathering security policies
17/01/2023 4:35:21 am	Gather column encryption keys
17/01/2023 4:35:21 am	Gathering column master keys
17/01/2023 4:35:21 am	Gathering external data sources
17/01/2023 4:35:21 am	Gathering external file formats
17/01/2023 4:35:21 am	Gathering external tables
17/01/2023 4:35:21 am	Gathering extended properties
17/01/2023 4:35:21 am	Gathering credentials
17/01/2023 4:35:21 am	Gathering logins
17/01/2023 4:35:21 am	Gathering server audits
17/01/2023 4:35:22 am	Scanning project for duplicate elements
17/01/2023 4:35:22 am	Finished duplicate element processing
17/01/2023 4:35:22 am	Finished importing database.
17/01/2023 4:35:22 am	A summary of the import was saved to the following location: C:\Users\ervin.abiad\Documents\Repos\AngularWebCrudDB\AngularWebCrudDB\AngularWebCrudDB\Import Schema Logs\AngularWebCrudDB_20230116083517.log
17/01/2023 4:35:22 am	Click Finish to continue...
